23-Sep-21 20:37:28 - 10280 - INFO - A manager by username:09162491542 is signed up
23-Sep-21 20:37:42 - 10280 - ERROR - No such file or directory
Traceback (most recent call last):
  File "D:\bootcamp\untitled2\HW9\New folder\Markets_File_Handler.py", line 14, in read_file
    with open(self.file_path, 'r') as myfile:
FileNotFoundError: [Errno 2] No such file or directory: 'Markets/09162491542/products.txt'
23-Sep-21 20:37:42 - 10280 - ERROR - error in showing inventory
Traceback (most recent call last):
  File "D:\bootcamp\untitled2\HW9\New folder\menu.py", line 128, in sign_in
    Market.inventory_alert(username)
  File "D:\bootcamp\untitled2\HW9\New folder\market.py", line 83, in inventory_alert
    for item in all_products_list:
TypeError: 'NoneType' object is not iterable
23-Sep-21 20:37:42 - 10280 - INFO - A manager by username:09162491542 signed in
23-Sep-21 20:38:19 - 10280 - INFO - A market manager by username:09162491542 added a product
23-Sep-21 20:38:51 - 10280 - INFO - A market manager by username:09162491542 added a product
23-Sep-21 20:39:48 - 10280 - ERROR - No such file or directory
Traceback (most recent call last):
  File "D:\bootcamp\untitled2\HW9\New folder\Markets_File_Handler.py", line 14, in read_file
    with open(self.file_path, 'r') as myfile:
FileNotFoundError: [Errno 2] No such file or directory: 'Markets/09162491542/invoices.txt'
INFO:root:A manager by username:09162491542 signed in
ERROR:root:No such file or directory
Traceback (most recent call last):
  File "D:\bootcamp\untitled2\HW9\New folder\Markets_File_Handler.py", line 14, in read_file
    with open(self.file_path, 'r') as myfile:
FileNotFoundError: [Errno 2] No such file or directory: 'Markets/09162491542/invoices.txt'
WARNING:root:Try to open a not existed file
ERROR:root:No such file or directory
Traceback (most recent call last):
  File "D:\bootcamp\untitled2\HW9\New folder\Markets_File_Handler.py", line 14, in read_file
    with open(self.file_path, 'r') as myfile:
FileNotFoundError: [Errno 2] No such file or directory: 'Markets/09162491542/costumers.txt'
27-Sep-21 10:23:01 - 6192 - INFO - A manager by username:09162491542 signed in
27-Sep-21 10:24:55 - 8252 - INFO - A manager by username:09162491542 signed in
27-Sep-21 10:28:02 - 7600 - INFO - A manager by username:09162491542 signed in
27-Sep-21 10:37:53 - 11168 - INFO - A manager by username:09162491542 signed in
27-Sep-21 10:40:28 - 14860 - INFO - A manager by username:09162491542 signed in
27-Sep-21 10:41:49 - 9892 - INFO - A manager by username:09162491542 signed in
27-Sep-21 10:42:22 - 4812 - INFO - A manager by username:09162491542 signed in
